CRITICAL - 2023-10-28 01:03:51 --> Unknown database 'test6'
#0 C:\xampp\htdocs\taskapp\vendor\codeigniter4\framework\system\Database\BaseConnection.php(377): CodeIgniter\Database\MySQLi\Connection->connect(false)
#1 C:\xampp\htdocs\taskapp\vendor\codeigniter4\framework\system\Database\BaseConnection.php(643): CodeIgniter\Database\BaseConnection->initialize()
#2 C:\xampp\htdocs\taskapp\vendor\codeigniter4\framework\system\Database\BaseBuilder.php(1819): CodeIgniter\Database\BaseConnection->query('SELECT 1\nFROM `...', Array, false)
#3 C:\xampp\htdocs\taskapp\vendor\codeigniter4\framework\system\Validation\Rules.php(237): CodeIgniter\Database\BaseBuilder->get()
#4 C:\xampp\htdocs\taskapp\vendor\codeigniter4\framework\system\Validation\Validation.php(279): CodeIgniter\Validation\Rules->is_unique('giron16analucia...', 'email', Array, NULL)
#5 C:\xampp\htdocs\taskapp\vendor\codeigniter4\framework\system\Validation\Validation.php(175): CodeIgniter\Validation\Validation->processRules('email', 'email', 'giron16analucia...', Array, Array)
#6 C:\xampp\htdocs\taskapp\vendor\codeigniter4\framework\system\Controller.php(220): CodeIgniter\Validation\Validation->run()
#7 C:\xampp\htdocs\taskapp\app\Controllers\Users.php(74): CodeIgniter\Controller->validate(Array)
#8 C:\xampp\htdocs\taskapp\vendor\codeigniter4\framework\system\CodeIgniter.php(910): App\Controllers\Users->register()
#9 C:\xampp\htdocs\taskapp\vendor\codeigniter4\framework\system\CodeIgniter.php(398): CodeIgniter\CodeIgniter->runController(Object(App\Controllers\Users))
#10 C:\xampp\htdocs\taskapp\vendor\codeigniter4\framework\system\CodeIgniter.php(306): CodeIgniter\CodeIgniter->handleRequest(NULL, Object(Config\Cache), false)
#11 C:\xampp\htdocs\taskapp\public\index.php(45): CodeIgniter\CodeIgniter->run()
#12 {main}
CRITICAL - 2023-10-28 01:11:15 --> Unknown database 'test6'
#0 C:\xampp\htdocs\taskapp\vendor\codeigniter4\framework\system\Database\BaseConnection.php(377): CodeIgniter\Database\MySQLi\Connection->connect(false)
#1 C:\xampp\htdocs\taskapp\vendor\codeigniter4\framework\system\Database\BaseConnection.php(643): CodeIgniter\Database\BaseConnection->initialize()
#2 C:\xampp\htdocs\taskapp\vendor\codeigniter4\framework\system\Database\BaseBuilder.php(1819): CodeIgniter\Database\BaseConnection->query('SELECT 1\nFROM `...', Array, false)
#3 C:\xampp\htdocs\taskapp\vendor\codeigniter4\framework\system\Validation\Rules.php(237): CodeIgniter\Database\BaseBuilder->get()
#4 C:\xampp\htdocs\taskapp\vendor\codeigniter4\framework\system\Validation\Validation.php(279): CodeIgniter\Validation\Rules->is_unique('giron16analucia...', 'email', Array, NULL)
#5 C:\xampp\htdocs\taskapp\vendor\codeigniter4\framework\system\Validation\Validation.php(175): CodeIgniter\Validation\Validation->processRules('email', 'email', 'giron16analucia...', Array, Array)
#6 C:\xampp\htdocs\taskapp\vendor\codeigniter4\framework\system\Controller.php(220): CodeIgniter\Validation\Validation->run()
#7 C:\xampp\htdocs\taskapp\app\Controllers\Users.php(74): CodeIgniter\Controller->validate(Array)
#8 C:\xampp\htdocs\taskapp\vendor\codeigniter4\framework\system\CodeIgniter.php(910): App\Controllers\Users->register()
#9 C:\xampp\htdocs\taskapp\vendor\codeigniter4\framework\system\CodeIgniter.php(398): CodeIgniter\CodeIgniter->runController(Object(App\Controllers\Users))
#10 C:\xampp\htdocs\taskapp\vendor\codeigniter4\framework\system\CodeIgniter.php(306): CodeIgniter\CodeIgniter->handleRequest(NULL, Object(Config\Cache), false)
#11 C:\xampp\htdocs\taskapp\public\index.php(45): CodeIgniter\CodeIgniter->run()
#12 {main}
CRITICAL - 2023-10-28 01:37:42 --> Duplicate entry '0' for key 'PRIMARY'
#0 C:\xampp\htdocs\taskapp\vendor\codeigniter4\framework\system\Database\MySQLi\Connection.php(330): mysqli->query('INSERT INTO `us...')
#1 C:\xampp\htdocs\taskapp\vendor\codeigniter4\framework\system\Database\BaseConnection.php(738): CodeIgniter\Database\MySQLi\Connection->execute('INSERT INTO `us...')
#2 C:\xampp\htdocs\taskapp\vendor\codeigniter4\framework\system\Database\BaseConnection.php(666): CodeIgniter\Database\BaseConnection->simpleQuery('INSERT INTO `us...')
#3 C:\xampp\htdocs\taskapp\vendor\codeigniter4\framework\system\Database\BaseBuilder.php(2206): CodeIgniter\Database\BaseConnection->query('INSERT INTO `us...', Array, false)
#4 C:\xampp\htdocs\taskapp\vendor\codeigniter4\framework\system\Model.php(722): CodeIgniter\Database\BaseBuilder->insert()
#5 C:\xampp\htdocs\taskapp\vendor\codeigniter4\framework\system\Model.php(550): CodeIgniter\Model->insert(Array, false)
#6 C:\xampp\htdocs\taskapp\app\Controllers\Users.php(85): CodeIgniter\Model->save(Array)
#7 C:\xampp\htdocs\taskapp\vendor\codeigniter4\framework\system\CodeIgniter.php(910): App\Controllers\Users->register()
#8 C:\xampp\htdocs\taskapp\vendor\codeigniter4\framework\system\CodeIgniter.php(398): CodeIgniter\CodeIgniter->runController(Object(App\Controllers\Users))
#9 C:\xampp\htdocs\taskapp\vendor\codeigniter4\framework\system\CodeIgniter.php(306): CodeIgniter\CodeIgniter->handleRequest(NULL, Object(Config\Cache), false)
#10 C:\xampp\htdocs\taskapp\public\index.php(45): CodeIgniter\CodeIgniter->run()
#11 {main}
CRITICAL - 2023-10-28 01:38:07 --> Duplicate entry '0' for key 'PRIMARY'
#0 C:\xampp\htdocs\taskapp\vendor\codeigniter4\framework\system\Database\MySQLi\Connection.php(330): mysqli->query('INSERT INTO `us...')
#1 C:\xampp\htdocs\taskapp\vendor\codeigniter4\framework\system\Database\BaseConnection.php(738): CodeIgniter\Database\MySQLi\Connection->execute('INSERT INTO `us...')
#2 C:\xampp\htdocs\taskapp\vendor\codeigniter4\framework\system\Database\BaseConnection.php(666): CodeIgniter\Database\BaseConnection->simpleQuery('INSERT INTO `us...')
#3 C:\xampp\htdocs\taskapp\vendor\codeigniter4\framework\system\Database\BaseBuilder.php(2206): CodeIgniter\Database\BaseConnection->query('INSERT INTO `us...', Array, false)
#4 C:\xampp\htdocs\taskapp\vendor\codeigniter4\framework\system\Model.php(722): CodeIgniter\Database\BaseBuilder->insert()
#5 C:\xampp\htdocs\taskapp\vendor\codeigniter4\framework\system\Model.php(550): CodeIgniter\Model->insert(Array, false)
#6 C:\xampp\htdocs\taskapp\app\Controllers\Users.php(85): CodeIgniter\Model->save(Array)
#7 C:\xampp\htdocs\taskapp\vendor\codeigniter4\framework\system\CodeIgniter.php(910): App\Controllers\Users->register()
#8 C:\xampp\htdocs\taskapp\vendor\codeigniter4\framework\system\CodeIgniter.php(398): CodeIgniter\CodeIgniter->runController(Object(App\Controllers\Users))
#9 C:\xampp\htdocs\taskapp\vendor\codeigniter4\framework\system\CodeIgniter.php(306): CodeIgniter\CodeIgniter->handleRequest(NULL, Object(Config\Cache), false)
#10 C:\xampp\htdocs\taskapp\public\index.php(45): CodeIgniter\CodeIgniter->run()
#11 {main}
CRITICAL - 2023-10-28 01:38:32 --> Duplicate entry '0' for key 'PRIMARY'
#0 C:\xampp\htdocs\taskapp\vendor\codeigniter4\framework\system\Database\MySQLi\Connection.php(330): mysqli->query('INSERT INTO `us...')
#1 C:\xampp\htdocs\taskapp\vendor\codeigniter4\framework\system\Database\BaseConnection.php(738): CodeIgniter\Database\MySQLi\Connection->execute('INSERT INTO `us...')
#2 C:\xampp\htdocs\taskapp\vendor\codeigniter4\framework\system\Database\BaseConnection.php(666): CodeIgniter\Database\BaseConnection->simpleQuery('INSERT INTO `us...')
#3 C:\xampp\htdocs\taskapp\vendor\codeigniter4\framework\system\Database\BaseBuilder.php(2206): CodeIgniter\Database\BaseConnection->query('INSERT INTO `us...', Array, false)
#4 C:\xampp\htdocs\taskapp\vendor\codeigniter4\framework\system\Model.php(722): CodeIgniter\Database\BaseBuilder->insert()
#5 C:\xampp\htdocs\taskapp\vendor\codeigniter4\framework\system\Model.php(550): CodeIgniter\Model->insert(Array, false)
#6 C:\xampp\htdocs\taskapp\app\Controllers\Users.php(85): CodeIgniter\Model->save(Array)
#7 C:\xampp\htdocs\taskapp\vendor\codeigniter4\framework\system\CodeIgniter.php(910): App\Controllers\Users->register()
#8 C:\xampp\htdocs\taskapp\vendor\codeigniter4\framework\system\CodeIgniter.php(398): CodeIgniter\CodeIgniter->runController(Object(App\Controllers\Users))
#9 C:\xampp\htdocs\taskapp\vendor\codeigniter4\framework\system\CodeIgniter.php(306): CodeIgniter\CodeIgniter->handleRequest(NULL, Object(Config\Cache), false)
#10 C:\xampp\htdocs\taskapp\public\index.php(45): CodeIgniter\CodeIgniter->run()
#11 {main}
